# JRE version: OpenJDK Runtime Environment (8.0_76-b03) (build 1.8.0_76-release-b03)
# Java VM: OpenJDK 64-Bit Server VM (25.76-b03 mixed mode windows-amd64 compressed oops)
Heap:
 PSYoungGen      total 192512K, used 64595K [0x00000000e0000000, 0x00000000ee300000, 0x0000000100000000)
  eden space 164864K, 32% used [0x00000000e0000000,0x00000000e346e2e8,0x00000000ea100000)
  from space 27648K, 39% used [0x00000000eba80000,0x00000000ec5269e8,0x00000000ed580000)
  to   space 26112K, 0% used [0x00000000ea100000,0x00000000ea100000,0x00000000eba80000)
 ParOldGen       total 59904K, used 40177K [0x00000000a0000000, 0x00000000a3a80000, 0x00000000e0000000)
  object space 59904K, 67% used [0x00000000a0000000,0x00000000a273c758,0x00000000a3a80000)
 Metaspace       used 65818K, capacity 67920K, committed 68096K, reserved 1107968K
  class space    used 8394K, capacity 8835K, committed 8960K, reserved 1048576K
GC Heap History (10 events):
Event: 257.482 GC heap before
{Heap before GC invocations=24 (full 3):
 PSYoungGen      total 175104K, used 144896K [0x00000000e0000000, 0x00000000ecb80000, 0x0000000100000000)
  eden space 144896K, 100% used [0x00000000e0000000,0x00000000e8d80000,0x00000000e8d80000)
  from space 30208K, 0% used [0x00000000eac00000,0x00000000eac00000,0x00000000ec980000)
  to   space 31232K, 0% used [0x00000000e8d80000,0x00000000e8d80000,0x00000000eac00000)
 ParOldGen       total 59904K, used 43419K [0x00000000a0000000, 0x00000000a3a80000, 0x00000000e0000000)
  object space 59904K, 72% used [0x00000000a0000000,0x00000000a2a66e88,0x00000000a3a80000)
 Metaspace       used 60045K, capacity 61714K, committed 61952K, reserved 1103872K
  class space    used 7787K, capacity 8154K, committed 8192K, reserved 1048576K
Event: 257.501 GC heap after
Heap after GC invocations=24 (full 3):
 PSYoungGen      total 176128K, used 11182K [0x00000000e0000000, 0x00000000edd00000, 0x0000000100000000)
  eden space 144896K, 0% used [0x00000000e0000000,0x00000000e0000000,0x00000000e8d80000)
  from space 31232K, 35% used [0x00000000e8d80000,0x00000000e986b990,0x00000000eac00000)
  to   space 30208K, 0% used [0x00000000ebf80000,0x00000000ebf80000,0x00000000edd00000)
 ParOldGen       total 59904K, used 43427K [0x00000000a0000000, 0x00000000a3a80000, 0x00000000e0000000)
  object space 59904K, 72% used [0x00000000a0000000,0x00000000a2a68e88,0x00000000a3a80000)
 Metaspace       used 60045K, capacity 61714K, committed 61952K, reserved 1103872K
  class space    used 7787K, capacity 8154K, committed 8192K, reserved 1048576K
}
Event: 263.664 GC heap before
{Heap before GC invocations=25 (full 3):
 PSYoungGen      total 176128K, used 156078K [0x00000000e0000000, 0x00000000edd00000, 0x0000000100000000)
  eden space 144896K, 100% used [0x00000000e0000000,0x00000000e8d80000,0x00000000e8d80000)
  from space 31232K, 35% used [0x00000000e8d80000,0x00000000e986b990,0x00000000eac00000)
  to   space 30208K, 0% used [0x00000000ebf80000,0x00000000ebf80000,0x00000000edd00000)
 ParOldGen       total 59904K, used 43427K [0x00000000a0000000, 0x00000000a3a80000, 0x00000000e0000000)
  object space 59904K, 72% used [0x00000000a0000000,0x00000000a2a68e88,0x00000000a3a80000)
 Metaspace       used 61367K, capacity 63100K, committed 63360K, reserved 1103872K
  class space    used 7902K, capacity 8301K, committed 8320K, reserved 1048576K
Event: 263.687 GC heap after
Heap after GC invocations=25 (full 3):
 PSYoungGen      total 187904K, used 13338K [0x00000000e0000000, 0x00000000ed780000, 0x0000000100000000)
  eden space 163328K, 0% used [0x00000000e0000000,0x00000000e0000000,0x00000000e9f80000)
  from space 24576K, 54% used [0x00000000ebf80000,0x00000000ecc86b90,0x00000000ed780000)
  to   space 28672K, 0% used [0x00000000e9f80000,0x00000000e9f80000,0x00000000ebb80000)
 ParOldGen       total 59904K, used 43435K [0x00000000a0000000, 0x00000000a3a80000, 0x00000000e0000000)
  object space 59904K, 72% used [0x00000000a0000000,0x00000000a2a6ae88,0x00000000a3a80000)
 Metaspace       used 61367K, capacity 63100K, committed 63360K, reserved 1103872K
  class space    used 7902K, capacity 8301K, committed 8320K, reserved 1048576K
}
Event: 266.868 GC heap before
{Heap before GC invocations=26 (full 3):
 PSYoungGen      total 187904K, used 114339K [0x00000000e0000000, 0x00000000ed780000, 0x0000000100000000)
  eden space 163328K, 61% used [0x00000000e0000000,0x00000000e62a2350,0x00000000e9f80000)
  from space 24576K, 54% used [0x00000000ebf80000,0x00000000ecc86b90,0x00000000ed780000)
  to   space 28672K, 0% used [0x00000000e9f80000,0x00000000e9f80000,0x00000000ebb80000)
 ParOldGen       total 59904K, used 43435K [0x00000000a0000000, 0x00000000a3a80000, 0x00000000e0000000)
  object space 59904K, 72% used [0x00000000a0000000,0x00000000a2a6ae88,0x00000000a3a80000)
 Metaspace       used 62065K, capacity 63950K, committed 64256K, reserved 1105920K
  class space    used 7949K, capacity 8362K, committed 8448K, reserved 1048576K
Event: 266.890 GC heap after
Heap after GC invocations=26 (full 3):
 PSYoungGen      total 173568K, used 10218K [0x00000000e0000000, 0x00000000ed580000, 0x0000000100000000)
  eden space 163328K, 0% used [0x00000000e0000000,0x00000000e0000000,0x00000000e9f80000)
  from space 10240K, 99% used [0x00000000e9f80000,0x00000000ea97aba0,0x00000000ea980000)
  to   space 27648K, 0% used [0x00000000eba80000,0x00000000eba80000,0x00000000ed580000)
 ParOldGen       total 59904K, used 43443K [0x00000000a0000000, 0x00000000a3a80000, 0x00000000e0000000)
  object space 59904K, 72% used [0x00000000a0000000,0x00000000a2a6ce88,0x00000000a3a80000)
 Metaspace       used 62065K, capacity 63950K, committed 64256K, reserved 1105920K
  class space    used 7949K, capacity 8362K, committed 8448K, reserved 1048576K
}
Event: 266.890 GC heap before
{Heap before GC invocations=27 (full 4):
 PSYoungGen      total 173568K, used 10218K [0x00000000e0000000, 0x00000000ed580000, 0x0000000100000000)
  eden space 163328K, 0% used [0x00000000e0000000,0x00000000e0000000,0x00000000e9f80000)
  from space 10240K, 99% used [0x00000000e9f80000,0x00000000ea97aba0,0x00000000ea980000)
  to   space 27648K, 0% used [0x00000000eba80000,0x00000000eba80000,0x00000000ed580000)
 ParOldGen       total 59904K, used 43443K [0x00000000a0000000, 0x00000000a3a80000, 0x00000000e0000000)
  object space 59904K, 72% used [0x00000000a0000000,0x00000000a2a6ce88,0x00000000a3a80000)
 Metaspace       used 62065K, capacity 63950K, committed 64256K, reserved 1105920K
  class space    used 7949K, capacity 8362K, committed 8448K, reserved 1048576K
Event: 267.786 GC heap after
Heap after GC invocations=27 (full 4):
 PSYoungGen      total 173568K, used 0K [0x00000000e0000000, 0x00000000ed580000, 0x0000000100000000)
  eden space 163328K, 0% used [0x00000000e0000000,0x00000000e0000000,0x00000000e9f80000)
  from space 10240K, 0% used [0x00000000e9f80000,0x00000000e9f80000,0x00000000ea980000)
  to   space 27648K, 0% used [0x00000000eba80000,0x00000000eba80000,0x00000000ed580000)
 ParOldGen       total 59904K, used 40150K [0x00000000a0000000, 0x00000000a3a80000, 0x00000000e0000000)
  object space 59904K, 67% used [0x00000000a0000000,0x00000000a2735b08,0x00000000a3a80000)
 Metaspace       used 62065K, capacity 63950K, committed 64256K, reserved 1105920K
  class space    used 7949K, capacity 8362K, committed 8448K, reserved 1048576K
}
Event: 309.416 GC heap before
{Heap before GC invocations=28 (full 4):
 PSYoungGen      total 173568K, used 163328K [0x00000000e0000000, 0x00000000ed580000, 0x0000000100000000)
  eden space 163328K, 100% used [0x00000000e0000000,0x00000000e9f80000,0x00000000e9f80000)
  from space 10240K, 0% used [0x00000000e9f80000,0x00000000e9f80000,0x00000000ea980000)
  to   space 27648K, 0% used [0x00000000eba80000,0x00000000eba80000,0x00000000ed580000)
 ParOldGen       total 59904K, used 40150K [0x00000000a0000000, 0x00000000a3a80000, 0x00000000e0000000)
  object space 59904K, 67% used [0x00000000a0000000,0x00000000a2735b08,0x00000000a3a80000)
 Metaspace       used 65752K, capacity 67856K, committed 68096K, reserved 1107968K
  class space    used 8393K, capacity 8835K, committed 8960K, reserved 1048576K
Event: 309.435 GC heap after
Heap after GC invocations=28 (full 4):
 PSYoungGen      total 192512K, used 10906K [0x00000000e0000000, 0x00000000ee300000, 0x0000000100000000)
  eden space 164864K, 0% used [0x00000000e0000000,0x00000000e0000000,0x00000000ea100000)
  from space 27648K, 39% used [0x00000000eba80000,0x00000000ec5269e8,0x00000000ed580000)
  to   space 26112K, 0% used [0x00000000ea100000,0x00000000ea100000,0x00000000eba80000)
 ParOldGen       total 59904K, used 40177K [0x00000000a0000000, 0x00000000a3a80000, 0x00000000e0000000)
  object space 59904K, 67% used [0x00000000a0000000,0x00000000a273c758,0x00000000a3a80000)
 Metaspace       used 65752K, capacity 67856K, committed 68096K, reserved 1107968K
  class space    used 8393K, capacity 8835K, committed 8960K, reserved 1048576K
}

