# JRE version: OpenJDK Runtime Environment (8.0_76-b03) (build 1.8.0_76-release-b03)
# Java VM: OpenJDK 64-Bit Server VM (25.76-b03 mixed mode windows-amd64 compressed oops)
Heap:
 PSYoungGen      total 165376K, used 53082K [0x00000000e0000000, 0x00000000ec000000, 0x0000000100000000)
  eden space 145408K, 35% used [0x00000000e0000000,0x00000000e32002c8,0x00000000e8e00000)
  from space 19968K, 9% used [0x00000000eac80000,0x00000000eae56860,0x00000000ec000000)
  to   space 25600K, 0% used [0x00000000e8e00000,0x00000000e8e00000,0x00000000ea700000)
 ParOldGen       total 114176K, used 62323K [0x00000000a0000000, 0x00000000a6f80000, 0x00000000e0000000)
  object space 114176K, 54% used [0x00000000a0000000,0x00000000a3cdcf18,0x00000000a6f80000)
 Metaspace       used 61628K, capacity 63340K, committed 63488K, reserved 1103872K
  class space    used 8024K, capacity 8429K, committed 8448K, reserved 1048576K
GC Heap History (10 events):
Event: 26.978 GC heap before
{Heap before GC invocations=21 (full 2):
 PSYoungGen      total 134656K, used 24270K [0x00000000e0000000, 0x00000000eab80000, 0x0000000100000000)
  eden space 113152K, 2% used [0x00000000e0000000,0x00000000e02b5028,0x00000000e6e80000)
  from space 21504K, 99% used [0x00000000e8a00000,0x00000000e9efea90,0x00000000e9f00000)
  to   space 28160K, 0% used [0x00000000e6e80000,0x00000000e6e80000,0x00000000e8a00000)
 ParOldGen       total 61440K, used 46673K [0x00000000a0000000, 0x00000000a3c00000, 0x00000000e0000000)
  object space 61440K, 75% used [0x00000000a0000000,0x00000000a2d94670,0x00000000a3c00000)
 Metaspace       used 57558K, capacity 59046K, committed 59136K, reserved 1099776K
  class space    used 7557K, capacity 7910K, committed 7936K, reserved 1048576K
Event: 27.009 GC heap after
Heap after GC invocations=21 (full 2):
 PSYoungGen      total 141312K, used 12627K [0x00000000e0000000, 0x00000000ec680000, 0x0000000100000000)
  eden space 113152K, 0% used [0x00000000e0000000,0x00000000e0000000,0x00000000e6e80000)
  from space 28160K, 44% used [0x00000000e6e80000,0x00000000e7ad4e40,0x00000000e8a00000)
  to   space 26624K, 0% used [0x00000000eac80000,0x00000000eac80000,0x00000000ec680000)
 ParOldGen       total 61440K, used 56044K [0x00000000a0000000, 0x00000000a3c00000, 0x00000000e0000000)
  object space 61440K, 91% used [0x00000000a0000000,0x00000000a36bb018,0x00000000a3c00000)
 Metaspace       used 57558K, capacity 59046K, committed 59136K, reserved 1099776K
  class space    used 7557K, capacity 7910K, committed 7936K, reserved 1048576K
}
Event: 27.009 GC heap before
{Heap before GC invocations=22 (full 3):
 PSYoungGen      total 141312K, used 12627K [0x00000000e0000000, 0x00000000ec680000, 0x0000000100000000)
  eden space 113152K, 0% used [0x00000000e0000000,0x00000000e0000000,0x00000000e6e80000)
  from space 28160K, 44% used [0x00000000e6e80000,0x00000000e7ad4e40,0x00000000e8a00000)
  to   space 26624K, 0% used [0x00000000eac80000,0x00000000eac80000,0x00000000ec680000)
 ParOldGen       total 61440K, used 56044K [0x00000000a0000000, 0x00000000a3c00000, 0x00000000e0000000)
  object space 61440K, 91% used [0x00000000a0000000,0x00000000a36bb018,0x00000000a3c00000)
 Metaspace       used 57558K, capacity 59046K, committed 59136K, reserved 1099776K
  class space    used 7557K, capacity 7910K, committed 7936K, reserved 1048576K
Event: 27.736 GC heap after
Heap after GC invocations=22 (full 3):
 PSYoungGen      total 141312K, used 0K [0x00000000e0000000, 0x00000000ec680000, 0x0000000100000000)
  eden space 113152K, 0% used [0x00000000e0000000,0x00000000e0000000,0x00000000e6e80000)
  from space 28160K, 0% used [0x00000000e6e80000,0x00000000e6e80000,0x00000000e8a00000)
  to   space 26624K, 0% used [0x00000000eac80000,0x00000000eac80000,0x00000000ec680000)
 ParOldGen       total 114176K, used 53886K [0x00000000a0000000, 0x00000000a6f80000, 0x00000000e0000000)
  object space 114176K, 47% used [0x00000000a0000000,0x00000000a349f900,0x00000000a6f80000)
 Metaspace       used 57556K, capacity 59040K, committed 59136K, reserved 1099776K
  class space    used 7557K, capacity 7909K, committed 7936K, reserved 1048576K
}
Event: 29.907 GC heap before
{Heap before GC invocations=23 (full 3):
 PSYoungGen      total 141312K, used 112325K [0x00000000e0000000, 0x00000000ec680000, 0x0000000100000000)
  eden space 113152K, 99% used [0x00000000e0000000,0x00000000e6db1710,0x00000000e6e80000)
  from space 28160K, 0% used [0x00000000e6e80000,0x00000000e6e80000,0x00000000e8a00000)
  to   space 26624K, 0% used [0x00000000eac80000,0x00000000eac80000,0x00000000ec680000)
 ParOldGen       total 114176K, used 53886K [0x00000000a0000000, 0x00000000a6f80000, 0x00000000e0000000)
  object space 114176K, 47% used [0x00000000a0000000,0x00000000a349f900,0x00000000a6f80000)
 Metaspace       used 59629K, capacity 61358K, committed 61440K, reserved 1101824K
  class space    used 7782K, capacity 8182K, committed 8192K, reserved 1048576K
Event: 29.923 GC heap after
Heap after GC invocations=23 (full 3):
 PSYoungGen      total 165376K, used 11537K [0x00000000e0000000, 0x00000000ec000000, 0x0000000100000000)
  eden space 145408K, 0% used [0x00000000e0000000,0x00000000e0000000,0x00000000e8e00000)
  from space 19968K, 57% used [0x00000000eac80000,0x00000000eb7c4738,0x00000000ec000000)
  to   space 25600K, 0% used [0x00000000e8e00000,0x00000000e8e00000,0x00000000ea700000)
 ParOldGen       total 114176K, used 53894K [0x00000000a0000000, 0x00000000a6f80000, 0x00000000e0000000)
  object space 114176K, 47% used [0x00000000a0000000,0x00000000a34a1900,0x00000000a6f80000)
 Metaspace       used 59629K, capacity 61358K, committed 61440K, reserved 1101824K
  class space    used 7782K, capacity 8182K, committed 8192K, reserved 1048576K
}
Event: 29.952 GC heap before
{Heap before GC invocations=24 (full 3):
 PSYoungGen      total 165376K, used 156492K [0x00000000e0000000, 0x00000000ec000000, 0x0000000100000000)
  eden space 145408K, 99% used [0x00000000e0000000,0x00000000e8d8ecb8,0x00000000e8e00000)
  from space 19968K, 57% used [0x00000000eac80000,0x00000000eb7c4738,0x00000000ec000000)
  to   space 25600K, 0% used [0x00000000e8e00000,0x00000000e8e00000,0x00000000ea700000)
 ParOldGen       total 114176K, used 53894K [0x00000000a0000000, 0x00000000a6f80000, 0x00000000e0000000)
  object space 114176K, 47% used [0x00000000a0000000,0x00000000a34a1900,0x00000000a6f80000)
 Metaspace       used 59632K, capacity 61358K, committed 61440K, reserved 1101824K
  class space    used 7782K, capacity 8182K, committed 8192K, reserved 1048576K
Event: 29.962 GC heap after
Heap after GC invocations=24 (full 3):
 PSYoungGen      total 171008K, used 128K [0x00000000e0000000, 0x00000000ec000000, 0x0000000100000000)
  eden space 145408K, 0% used [0x00000000e0000000,0x00000000e0000000,0x00000000e8e00000)
  from space 25600K, 0% used [0x00000000e8e00000,0x00000000e8e20000,0x00000000ea700000)
  to   space 19968K, 0% used [0x00000000eac80000,0x00000000eac80000,0x00000000ec000000)
 ParOldGen       total 114176K, used 62283K [0x00000000a0000000, 0x00000000a6f80000, 0x00000000e0000000)
  object space 114176K, 54% used [0x00000000a0000000,0x00000000a3cd2f18,0x00000000a6f80000)
 Metaspace       used 59632K, capacity 61358K, committed 61440K, reserved 1101824K
  class space    used 7782K, capacity 8182K, committed 8192K, reserved 1048576K
}
Event: 31.171 GC heap before
{Heap before GC invocations=25 (full 3):
 PSYoungGen      total 171008K, used 145536K [0x00000000e0000000, 0x00000000ec000000, 0x0000000100000000)
  eden space 145408K, 100% used [0x00000000e0000000,0x00000000e8e00000,0x00000000e8e00000)
  from space 25600K, 0% used [0x00000000e8e00000,0x00000000e8e20000,0x00000000ea700000)
  to   space 19968K, 0% used [0x00000000eac80000,0x00000000eac80000,0x00000000ec000000)
 ParOldGen       total 114176K, used 62283K [0x00000000a0000000, 0x00000000a6f80000, 0x00000000e0000000)
  object space 114176K, 54% used [0x00000000a0000000,0x00000000a3cd2f18,0x00000000a6f80000)
 Metaspace       used 60617K, capacity 62434K, committed 62592K, reserved 1103872K
  class space    used 7881K, capacity 8300K, committed 8320K, reserved 1048576K
Event: 31.177 GC heap after
Heap after GC invocations=25 (full 3):
 PSYoungGen      total 165376K, used 1882K [0x00000000e0000000, 0x00000000ec000000, 0x0000000100000000)
  eden space 145408K, 0% used [0x00000000e0000000,0x00000000e0000000,0x00000000e8e00000)
  from space 19968K, 9% used [0x00000000eac80000,0x00000000eae56860,0x00000000ec000000)
  to   space 25600K, 0% used [0x00000000e8e00000,0x00000000e8e00000,0x00000000ea700000)
 ParOldGen       total 114176K, used 62323K [0x00000000a0000000, 0x00000000a6f80000, 0x00000000e0000000)
  object space 114176K, 54% used [0x00000000a0000000,0x00000000a3cdcf18,0x00000000a6f80000)
 Metaspace       used 60617K, capacity 62434K, committed 62592K, reserved 1103872K
  class space    used 7881K, capacity 8300K, committed 8320K, reserved 1048576K
}

